{
  "RSpec": {
    "coverage": {
      "/Users/lukas/Desktop/tenderapp/app/helpers/application_helper.rb": [
        null,
        1,
        null
      ],
      "/Users/lukas/Desktop/tenderapp/app/helpers/main_helper.rb": [
        null,
        1,
        null
      ],
      "/Users/lukas/Desktop/tenderapp/app/helpers/proposal_helper.rb": [
        null,
        1,
        null
      ],
      "/Users/lukas/Desktop/tenderapp/app/helpers/route_helper.rb": [
        null,
        1,
        null
      ],
      "/Users/lukas/Desktop/tenderapp/app/helpers/tender_helper.rb": [
        null,
        1,
        null
      ],
      "/Users/lukas/Desktop/tenderapp/app/helpers/user_helper.rb": [
        null,
        1,
        null
      ],
      "/Users/lukas/Desktop/tenderapp/app/controllers/main_controller.rb": [
        null,
        1,
        1,
        null,
        null
      ],
      "/Users/lukas/Desktop/tenderapp/app/controllers/application_controller.rb": [
        null,
        1,
        null,
        null,
        1,
        null
      ],
      "/Users/lukas/Desktop/tenderapp/app/controllers/proposal_controller.rb": [
        null,
        1,
        1,
        null,
        1,
        3,
        null,
        null,
        1,
        null,
        null,
        1,
        2,
        2,
        null,
        null,
        null,
        2,
        null,
        2,
        null,
        null,
        1,
        1,
        null,
        null
      ],
      "/Users/lukas/Desktop/tenderapp/app/controllers/route_controller.rb": [
        1,
        null,
        null,
        1,
        1,
        3,
        null,
        null
      ],
      "/Users/lukas/Desktop/tenderapp/app/models/route_registry.rb": [
        null,
        1,
        1,
        null,
        1,
        1,
        null,
        null
      ],
      "/Users/lukas/Desktop/tenderapp/app/controllers/tender_controller.rb": [
        1,
        null,
        1,
        1,
        9,
        null,
        null,
        1,
        null,
        null,
        1,
        3,
        null,
        null,
        1,
        null,
        null,
        1,
        2,
        2,
        null,
        2,
        2,
        null,
        null,
        1,
        2,
        2,
        null,
        null,
        null,
        null,
        null,
        1,
        1,
        null,
        null,
        1,
        2,
        2,
        2,
        2,
        null,
        null,
        1,
        2,
        2,
        2,
        2,
        null,
        null
      ],
      "/Users/lukas/Desktop/tenderapp/app/models/tender.rb": [
        1,
        1,
        1,
        null,
        1,
        1,
        1,
        null,
        1,
        null,
        1,
        4,
        3,
        2,
        4,
        null,
        null,
        1,
        2,
        null,
        null,
        null,
        null
      ],
      "/Users/lukas/Desktop/tenderapp/app/models/proposal.rb": [
        null,
        1,
        null,
        1,
        1,
        null,
        1,
        null,
        null,
        null,
        null,
        null
      ],
      "/Users/lukas/Desktop/tenderapp/app/models/application_record.rb": [
        null,
        1,
        1,
        null
      ],
      "/Users/lukas/Desktop/tenderapp/app/models/shipment_tender_datum.rb": [
        1,
        1,
        null,
        1,
        null,
        1,
        1,
        null,
        1,
        null,
        null,
        null,
        null,
        null,
        null,
        null
      ],
      "/Users/lukas/Desktop/tenderapp/app/models/route.rb": [
        1,
        null,
        null,
        1,
        1,
        null,
        1,
        13,
        null,
        null,
        1,
        null,
        17,
        null,
        16,
        null,
        16,
        1,
        15,
        null,
        null,
        1,
        2,
        2,
        2,
        null,
        null,
        1,
        3,
        null,
        null
      ],
      "/Users/lukas/Desktop/tenderapp/app/models/proposals_datum.rb": [
        1,
        null,
        1,
        1,
        1,
        1,
        null,
        1,
        18,
        10,
        10,
        null,
        null,
        1,
        18,
        17,
        null,
        null,
        10,
        null,
        17,
        10,
        null,
        null,
        1,
        2,
        null,
        2,
        null,
        2,
        1,
        null,
        null,
        1,
        21,
        null,
        null,
        1,
        9,
        5,
        null,
        null
      ],
      "/Users/lukas/Desktop/tenderapp/app/helpers/tender_storage_controller.rb": [
        null,
        1,
        1,
        null,
        1,
        5,
        null,
        null,
        1,
        1,
        null,
        null,
        1,
        1,
        2,
        null,
        null,
        1,
        1,
        null,
        1,
        null,
        null,
        null,
        null,
        null
      ],
      "/Users/lukas/Desktop/tenderapp/app/controllers/user_controller.rb": [
        null,
        1,
        1,
        10,
        null,
        null,
        1,
        2,
        null,
        null,
        1,
        null,
        null,
        1,
        4,
        4,
        4,
        null,
        null,
        1,
        4,
        4,
        null,
        4,
        null,
        null,
        1,
        1,
        null,
        null,
        1,
        4,
        4,
        4,
        4,
        null,
        null
      ],
      "/Users/lukas/Desktop/tenderapp/app/models/user.rb": [
        null,
        1,
        1,
        1,
        1,
        null,
        null,
        1,
        null,
        1,
        23,
        null,
        null,
        1,
        14,
        null,
        null,
        1,
        null,
        null,
        23,
        1,
        null,
        22,
        null,
        null
      ],
      "/Users/lukas/Desktop/tenderapp/app/models/company.rb": [
        null,
        1,
        1,
        1,
        null,
        1,
        1,
        null
      ]
    },
    "timestamp": 1480833292
  }
}
